<?xml version="1.0" encoding="UTF-8"?>
<!-- Generated by org.testng.reporters.JUnitReportReporter -->
<testsuite hostname="Thirosh" failures="0" tests="4" name="com.testcases.RegisterTest" time="18.992" errors="0" timestamp="2024-03-13T23:02:54 IST" skipped="0">
  <testcase classname="com.testcases.RegisterTest" name="registerAccountWithAllMandatoryFieldsValidCredentials" time="4.563"/>
  <testcase classname="com.testcases.RegisterTest" name="registerAccountWithAllFieldsValidCredentials" time="6.610"/>
  <testcase classname="com.testcases.RegisterTest" name="registerAccountWithExistingValidCredentials" time="4.116"/>
  <testcase classname="com.testcases.RegisterTest" name="registerAccountWithOutProvideAnyDetails" time="3.703"/>
</testsuite> <!-- com.testcases.RegisterTest -->
