<?xml version="1.0" encoding="UTF-8"?>
<!-- Generated by org.testng.reporters.JUnitReportReporter -->
<testsuite hostname="Thirosh" failures="0" tests="9" name="com.testcases.LoginTest" time="36.219" errors="0" timestamp="2024-03-13T23:02:54 IST" skipped="0">
  <testcase classname="com.testcases.LoginTest" name="verifyLoginWithValidCredentials" time="4.214"/>
  <testcase classname="com.testcases.LoginTest" name="verifyLoginWithValidCredentials" time="4.013"/>
  <testcase classname="com.testcases.LoginTest" name="verifyLoginWithValidCredentials" time="4.120"/>
  <testcase classname="com.testcases.LoginTest" name="verifyLoginWithValidCredentials" time="3.920"/>
  <testcase classname="com.testcases.LoginTest" name="verifyLoginWithValidCredentials" time="4.188"/>
  <testcase classname="com.testcases.LoginTest" name="verifyloginWithInvalidCredentials" time="3.987"/>
  <testcase classname="com.testcases.LoginTest" name="verifyloginWithInvalidEmailAndValidPassword" time="3.781"/>
  <testcase classname="com.testcases.LoginTest" name="verifyloginWithValidEmailAndInValidPassword" time="4.171"/>
  <testcase classname="com.testcases.LoginTest" name="verifyloginWithoutProvidingCredencials" time="3.825"/>
</testsuite> <!-- com.testcases.LoginTest -->
