<?xml version="1.0" encoding="UTF-8"?>
<!-- Generated by org.testng.reporters.JUnitReportReporter -->
<testsuite hostname="Thirosh" failures="0" tests="3" name="com.testcases.SearchTest" time="9.789" errors="0" timestamp="2024-03-13T23:02:54 IST" skipped="0">
  <testcase classname="com.testcases.SearchTest" name="verifySearchWithInvalidProduct" time="3.198"/>
  <testcase classname="com.testcases.SearchTest" name="verifySearchWithOutAnyProduct" time="3.423"/>
  <testcase classname="com.testcases.SearchTest" name="verifySearchWithValidProduct" time="3.168"/>
</testsuite> <!-- com.testcases.SearchTest -->
